<?xml version="1.0" encoding="UTF-8"?>
<!-- Generated by org.testng.reporters.JUnitReportReporter -->
<testsuite hostname="Aparajeetas-MacBook-Air.local" failures="0" tests="1" name="tests.BookingAPIsUsingBuilderPatternFramework" time="1.491" errors="0" timestamp="2024-09-12T10:58:57 IST" skipped="0">
  <testcase classname="tests.BookingAPIsUsingBuilderPatternFramework" name="createBooking" time="1.491"/>
</testsuite> <!-- tests.BookingAPIsUsingBuilderPatternFramework -->
